This is LuaHBTeX, Version 1.12.0 (MiKTeX 20.6) (format=lualatex 2020.6.29)  1 FEB 2021 14:29
 restricted system commands enabled.
**C:/Users/rtbrt/Dropbox/my_website/static/media/cv/bose_cv_IIMB.tex
(C:/Users/rtbrt/Dropbox/my_website/static/media/cv/bose_cv_IIMB.tex
LaTeX2e <2020-02-02> patch level 5
Lua module: luaotfload-main 2020-05-06 3.14 luaotfload entry point
Lua module: luaotfload-init 2020-05-06 3.14 luaotfload submodule / initializatio
n
Lua module: lualibs 2020-05-01 2.71 ConTeXt Lua standard libraries.
Lua module: lualibs-extended 2020-05-01 2.71 ConTeXt Lua libraries -- extended c
ollection.
Lua module: luaotfload-log 2020-05-06 3.14 luaotfload submodule / logging
Lua module: luaotfload-parsers 2020-05-06 3.14 luaotfload submodule / filelist
Lua module: luaotfload-configuration 2020-05-06 3.14 luaotfload submodule / conf
ig file reader
luaotfload | conf : Root cache directory is "C:/Users/rtbrt/AppData/Local/MiKTeX
/2.9/luatex-cache/generic-dev/names".
luaotfload | init : Loading fontloader "fontloader-2020-05-06.lua" from kpse-res
olved path "C:/Users/rtbrt/AppData/Local/Programs/MiKTeX 2.9/tex/luatex/luaotflo
ad/fontloader-2020-05-06.lua".
Lua-only attribute luaotfload@noligature = 1
Lua-only attribute luaotfload@syllabe = 2
luaotfload | init : Context OpenType loader version 0x1.8e353f7ced917p+1
Lua module: luaotfload-fallback 2020-05-06 3.14 luaotfload submodule / fallback
Lua module: luaotfload-multiscript 2020-05-06 3.14 luaotfload submodule / multis
cript
Lua module: luaotfload-script 2020-05-06 3.14 luaotfload submodule / Script help
ers
Inserting `luaotfload.node_processor' at position 1 in `pre_linebreak_filter'.
Inserting `luaotfload.node_processor' at position 1 in `hpack_filter'.
Lua module: luaotfload-loaders 2020-05-06 3.14 luaotfload submodule / callback h
andling
Inserting `luaotfload.define_font' at position 1 in `define_font'.
Lua module: luaotfload-database 2020-05-06 3.14 luaotfload submodule / database
Lua module: luaotfload-unicode 2020-05-06 3.14 luaotfload submodule / Unicode he
lpers
Lua module: luaotfload-colors 2020-05-06 3.14 luaotfload submodule / color
Lua-only attribute luaotfload_color_attribute = 3
Lua module: luaotfload-resolvers 2020-05-06 3.14 luaotfload submodule / resolver
s
luaotfload | conf : Root cache directory is "C:/Users/rtbrt/AppData/Local/MiKTeX
/2.9/luatex-cache/generic-dev/names".
Lua module: luaotfload-features 2020-05-06 3.14 luaotfload submodule / features
Lua module: luaotfload-harf-define 2020-05-06 3.14 luaotfload submodule / databa
se
Inserting `luaotfload.harf.strip_prefix' at position 1 in `find_opentype_file'.
Inserting `luaotfload.harf.strip_prefix' at position 1 in `find_truetype_file'.
Lua module: luaotfload-harf-plug 2020-05-06 3.14 luaotfload submodule / database
Inserting `Harf pre_output_filter callback' at position 1 in `pre_output_filter'
.
Inserting `Harf wrapup_run callback' at position 1 in `wrapup_run'.
Inserting `Harf finish_pdffile callback' at position 1 in `finish_pdffile'.
Inserting `Harf glyph_info callback' at position 1 in `glyph_info'.
Lua module: luaotfload-letterspace 2020-05-06 3.14 luaotfload submodule / color
Lua module: luaotfload-embolden 2020-05-06 3.14 luaotfload submodule / color
Lua module: luaotfload-notdef 2020-05-06 3.14 luaotfload submodule / color
Lua module: luaotfload-suppress 2020-05-06 3.14 luaotfload submodule / suppress
Lua module: luaotfload-szss 2020-05-06 3.14 luaotfload submodule / color
Lua module: luaotfload-auxiliary 2020-05-06 3.14 luaotfload submodule / auxiliar
y functions
Inserting `luaotfload.aux.set_sscale_dimens' at position 1 in `luaotfload.patch_
font'.
Inserting `luaotfload.aux.set_font_index' at position 2 in `luaotfload.patch_fon
t'.
Inserting `luaotfload.aux.patch_cambria_domh' at position 3 in `luaotfload.patch
_font'.
Inserting `luaotfload.aux.fixup_fontdata' at position 1 in `luaotfload.patch_fon
t_unsafe'.
Inserting `luaotfload.aux.set_capheight' at position 4 in `luaotfload.patch_font
'.
Inserting `luaotfload.aux.set_xheight' at position 5 in `luaotfload.patch_font'.
Lua module: luaotfload-tounicode 2020-05-06 3.14 luaotfload submodule / tounicod
e
Inserting `luaotfload.rewrite_fontname' at position 6 in `luaotfload.patch_font'
. L3 programming layer <2020-06-18> (./documentMETADATA.cls
Document Class: documentMETADATA 2018/07/19 v1.9.2 'YAAC: Another Awesome CV' Cl
ass
("C:/Users/rtbrt/AppData/Local/Programs/MiKTeX 2.9/tex/latex/base/article.cls"
Document Class: article 2019/12/20 v1.4l Standard LaTeX document class
("C:/Users/rtbrt/AppData/Local/Programs/MiKTeX 2.9/tex/latex/base/size10.clo"
File: size10.clo 2019/12/20 v1.4l Standard LaTeX file (size option)
luaotfload | db : Font names database loaded from C:/Users/rtbrt/AppData/Local/M
iKTeX/2.9/luatex-cache/generic-dev/names/luaotfload-names.luc)
\c@part=\count163
\c@section=\count164
\c@subsection=\count165
\c@subsubsection=\count166
\c@paragraph=\count167
\c@subparagraph=\count168
\c@figure=\count169
\c@table=\count170
\abovecaptionskip=\skip47
\belowcaptionskip=\skip48
\bibindent=\dimen134
) ("C:/Users/rtbrt/AppData/Local/Programs/MiKTeX 2.9/tex/generic/babel/babel.st
y"
Package: babel 2020/06/10 3.45 The Babel package
 ("C:/Users/rtbrt/AppData/Local/Programs/MiKTeX 2.9/tex/generic/babel/babel.def
"
File: babel.def 2020/06/10 3.45 Babel common definitions

("C:/Users/rtbrt/AppData/Local/Programs/MiKTeX 2.9/tex/generic/babel/luababel.d
ef"
\bbl@readstream=\read2
\l@afrikaans=\language2
Package babel Info: Non-standard hyphenation setup on input line 117.
\l@ancientgreek=\language3
\l@armenian=\language4
\l@assamese=\language5
\l@basque=\language6
\l@belarusian=\language7
\l@bengali=\language8
\l@bokmal=\language9
\l@bulgarian=\language10
\l@catalan=\language11
\l@churchslavonic=\language12
\l@classiclatin=\language13
\l@coptic=\language14
\l@croatian=\language15
\l@czech=\language16
\l@danish=\language17
\l@dutch=\language18
\l@esperanto=\language19
\l@estonian=\language20
\l@ethiopic=\language21
\l@finnish=\language22
\l@french=\language23
\l@friulan=\language24
\l@galician=\language25
\l@georgian=\language26
\l@german=\language27
\l@greek=\language28
\l@gujarati=\language29
\l@hindi=\language30
\l@hungarian=\language31
\l@icelandic=\language32
\l@indonesian=\language33
\l@interlingua=\language34
\l@irish=\language35
\l@italian=\language36
\l@kannada=\language37
\l@kurmanji=\language38
\l@latin=\language39
\l@latvian=\language40
\l@lithuanian=\language41
\l@liturgicallatin=\language42
\l@macedonian=\language43
\l@malayalam=\language44
\l@marathi=\language45
\l@mongolian=\language46
\l@mongolianlmc=\language47
\l@monogreek=\language48
\l@ngerman=\language49
\l@nynorsk=\language50
\l@occitan=\language51
\l@oriya=\language52
\l@pali=\language53
\l@panjabi=\language54
\l@piedmontese=\language55
\l@polish=\language56
\l@portuguese=\language57
\l@romanian=\language58
\l@romansh=\language59
\l@russian=\language60
\l@sanskrit=\language61
\l@serbian=\language62
\l@serbianc=\language63
\l@slovak=\language64
\l@slovenian=\language65
\l@spanish=\language66
\l@swedish=\language67
\l@swissgerman=\language68
\l@tamil=\language69
\l@telugu=\language70
\l@thai=\language71
\l@turkish=\language72
\l@turkmen=\language73
\l@ukenglish=\language74
\l@ukrainian=\language75
\l@uppersorbian=\language76
\l@usenglishmax=\language77
\l@welsh=\language78
\babelcatcodetablenum=\catcodetable5
\bbl@pattcodes=\catcodetable6
)
\babel@savecnt=\count171
\U@D=\dimen135
\l@babelnohyphens=\language79

("C:/Users/rtbrt/AppData/Local/Programs/MiKTeX 2.9/tex/generic/babel/luababel.d
ef"
\bbl@attr@locale=\attribute4
))
*************************************
* Local config file bblopts.cfg used
*
("C:/Users/rtbrt/AppData/Local/Programs/MiKTeX 2.9/tex/latex/arabi/bblopts.cfg"
File: bblopts.cfg 2005/09/08 v0.1 add Arabic and Farsi to "declared" options of 
babel
)
("C:/Users/rtbrt/AppData/Local/Programs/MiKTeX 2.9/tex/latex/babel-english/engl
ish.ldf"
Language: english 2017/06/06 v3.3r English support from the babel system
Package babel Info: \l@canadian = using hyphenrules for english
(babel)             (\language0) on input line 102.
Package babel Info: \l@australian = using hyphenrules for ukenglish
(babel)             (\language74) on input line 105.
Package babel Info: \l@newzealand = using hyphenrules for ukenglish
(babel)             (\language74) on input line 108.
)
("C:/Users/rtbrt/AppData/Local/Programs/MiKTeX 2.9/tex/generic/babel-french/fre
nch.ldf"
Language: french 2020/10/10 v3.5l French support from the babel system
Package babel Info: \l@acadian = using hyphenrules for french
(babel)             (\language23) on input line 91.
Package babel Info: \l@canadien = using hyphenrules for french
(babel)             (\language23) on input line 92.
\FB@nonchar=\count172
\FB@spacing=\attribute5
\FB@addDPspace=\attribute6
\FB@addGUILspace=\attribute7
\FB@ucsNBSP=\attribute8
\FB@dialect=\attribute9
Package french.ldf Info: No need for active punctuation characters
(french.ldf)             with this version of LuaTeX!
(french.ldf)             reported on input line 254.
\FBguill@level=\count173
\FBold@everypar=\toks15
\FB@Mht=\dimen136
\mc@charclass=\count174
\mc@charfam=\count175
\mc@charslot=\count176
\std@mcc=\count177
\dec@mcc=\count178
Inserting `frenchb.french_punctuation' at position 1 in `kerning'.
\listindentFB=\dimen137
\descindentFB=\dimen138
\labelindentFB=\dimen139
\labelwidthFB=\dimen140
\leftmarginFB=\dimen141
\parindentFFN=\dimen142
\FBfnindent=\dimen143

("C:/Users/rtbrt/AppData/Local/Programs/MiKTeX 2.9/tex/generic/hyph-utf8/loadhy
ph/loadhyph-fr.tex" UTF-8 French hyphenation patterns
("C:/Users/rtbrt/AppData/Local/Programs/MiKTeX 2.9/tex/generic/hyph-utf8/patter
ns/tex/hyph-fr.tex")
("C:/Users/rtbrt/AppData/Local/Programs/MiKTeX 2.9/tex/generic/hyph-utf8/patter
ns/quote/hyph-quote-fr.tex"))))
("C:/Users/rtbrt/AppData/Local/Programs/MiKTeX 2.9/tex/latex/carlisle/scalefnt.
sty")
("C:/Users/rtbrt/AppData/Local/Programs/MiKTeX 2.9/tex/latex/graphics/keyval.st
y"
Package: keyval 2014/10/28 v1.15 key=value parser (DPC)
\KV@toks@=\toks16
)
("C:/Users/rtbrt/AppData/Local/Programs/MiKTeX 2.9/tex/lualatex/luainputenc/lua
inputenc.sty"
Package: luainputenc 2010/11/19 v0.973 inputenc package for LuaTeX

("C:/Users/rtbrt/AppData/Local/Programs/MiKTeX 2.9/tex/generic/iftex/ifluatex.s
ty"
Package: ifluatex 2019/10/25 v1.5 ifluatex legacy package. Use iftex instead.

("C:/Users/rtbrt/AppData/Local/Programs/MiKTeX 2.9/tex/generic/iftex/iftex.sty"
Package: iftex 2020/03/06 v1.0d TeX engine tests
))
("C:/Users/rtbrt/AppData/Local/Programs/MiKTeX 2.9/tex/generic/iftex/ifxetex.st
y"
Package: ifxetex 2019/10/25 v0.7 ifxetex legacy package. Use iftex instead.
)
("C:/Users/rtbrt/AppData/Local/Programs/MiKTeX 2.9/tex/luatex/luatexbase/luatex
base.sty"
Package: luatexbase 2015/10/04 v1.3 luatexbase interface to LuaTeX 

("C:/Users/rtbrt/AppData/Local/Programs/MiKTeX 2.9/tex/luatex/ctablestack/ctabl
estack.sty"
Package: ctablestack 2015/10/01 v1.0 Catcode table stable support
\@catcodetablestackcnt=\count179
)
\CatcodeTableOther=\catcodetable7
\CatcodeTableExpl=\catcodetable8
)
Lua module: luainputenc 2010/05/10 0.97 Lua simple inputenc package.
\inpenc@prehook=\toks17
\inpenc@posthook=\toks18

("C:/Users/rtbrt/AppData/Local/Programs/MiKTeX 2.9/tex/lualatex/luainputenc/lut
f8.def"
File: lutf8.def 2010/05/10 v0.97 UTF-8 support for luainputenc
Now handling font encoding OML ...
... no UTF-8 mapping file for font encoding OML
Now handling font encoding OMS ...
... processing UTF-8 mapping file for font encodingOMS

("C:/Users/rtbrt/AppData/Local/Programs/MiKTeX 2.9/tex/latex/base/omsenc.dfu"
File: omsenc.dfu 2019/11/14 v1.2k UTF-8 support for inputenc
)
Now handling font encoding OT1 ...
... processing UTF-8 mapping file for font encodingOT1

("C:/Users/rtbrt/AppData/Local/Programs/MiKTeX 2.9/tex/latex/base/ot1enc.dfu"
File: ot1enc.dfu 2019/11/14 v1.2k UTF-8 support for inputenc
)
Now handling font encoding T1 ...
... processing UTF-8 mapping file for font encodingT1

("C:/Users/rtbrt/AppData/Local/Programs/MiKTeX 2.9/tex/latex/base/t1enc.dfu"
File: t1enc.dfu 2019/11/14 v1.2k UTF-8 support for inputenc
)
Now handling font encoding TS1 ...
... processing UTF-8 mapping file for font encodingTS1

("C:/Users/rtbrt/AppData/Local/Programs/MiKTeX 2.9/tex/latex/base/ts1enc.dfu"
File: ts1enc.dfu 2019/11/14 v1.2k UTF-8 support for inputenc
)
Now handling font encoding TU ...
... no UTF-8 mapping file for font encoding TU
Now handling font encoding OMX ...
... no UTF-8 mapping file for font encoding OMX
Now handling font encoding U ...
... no UTF-8 mapping file for font encoding U
))
("C:/Users/rtbrt/AppData/Local/Programs/MiKTeX 2.9/tex/latex/fontspec/fontspec.
sty"
("C:/Users/rtbrt/AppData/Local/Programs/MiKTeX 2.9/tex/latex/l3packages/xparse/
xparse.sty"
("C:/Users/rtbrt/AppData/Local/Programs/MiKTeX 2.9/tex/latex/l3kernel/expl3.sty
"
Package: expl3 2020-06-18 L3 programming layer (loader) 

("C:/Users/rtbrt/AppData/Local/Programs/MiKTeX 2.9/tex/latex/l3backend/l3backen
d-pdfmode.def"
File: l3backend-pdfmode.def 2020-06-23 L3 backend support: PDF mode
\l__kernel_color_stack_int=\count180
\l__pdf_internal_box=\box45
))
Package: xparse 2020-05-15 L3 Experimental document command parser

("C:/Users/rtbrt/AppData/Local/Programs/MiKTeX 2.9/tex/latex/l3packages/xparse/
xparse-generic.tex"
\l__xparse_current_arg_int=\count181
\g__xparse_grabber_int=\count182
\l__xparse_m_args_int=\count183
\l__xparse_v_nesting_int=\count184
))
Package: fontspec 2020/02/21 v2.7i Font selection for XeLaTeX and LuaLaTeX
Lua module: fontspec 2020/02/21 2.7i Font selection for XeLaTeX and LuaLaTeX
("C:/Users/rtbrt/AppData/Local/Programs/MiKTeX 2.9/tex/latex/fontspec/fontspec-
luatex.sty"
Package: fontspec-luatex 2020/02/21 v2.7i Font selection for XeLaTeX and LuaLaTe
X
\l__fontspec_script_int=\count185
\l__fontspec_language_int=\count186
\l__fontspec_strnum_int=\count187
\l__fontspec_tmp_int=\count188
\l__fontspec_tmpa_int=\count189
\l__fontspec_tmpb_int=\count190
\l__fontspec_tmpc_int=\count191
\l__fontspec_em_int=\count192
\l__fontspec_emdef_int=\count193
\l__fontspec_strong_int=\count194
\l__fontspec_strongdef_int=\count195
\l__fontspec_tmpa_dim=\dimen144
\l__fontspec_tmpb_dim=\dimen145
\l__fontspec_tmpc_dim=\dimen146

("C:/Users/rtbrt/AppData/Local/Programs/MiKTeX 2.9/tex/latex/base/fontenc.sty"
Package: fontenc 2020/02/11 v2.0o Standard LaTeX package
)
("C:/Users/rtbrt/AppData/Local/Programs/MiKTeX 2.9/tex/latex/fontspec/fontspec.
cfg"))) ("C:/Users/rtbrt/AppData/Local/Programs/MiKTeX 2.9/tex/latex/url/url.st
y"
\Urlmuskip=\muskip16
Package: url 2013/09/16  ver 3.4  Verb mode for urls, etc.
)
("C:/Users/rtbrt/AppData/Local/Programs/MiKTeX 2.9/tex/latex/parskip/parskip.st
y"
Package: parskip 2020-06-15 v2.0f non-zero parskip adjustments

("C:/Users/rtbrt/AppData/Local/Programs/MiKTeX 2.9/tex/latex/kvoptions/kvoption
s.sty"
Package: kvoptions 2019/11/29 v3.13 Key value format for package options (HO)

("C:/Users/rtbrt/AppData/Local/Programs/MiKTeX 2.9/tex/generic/ltxcmds/ltxcmds.
sty"
Package: ltxcmds 2019/12/15 v1.24 LaTeX kernel commands for general use (HO)
)
("C:/Users/rtbrt/AppData/Local/Programs/MiKTeX 2.9/tex/generic/kvsetkeys/kvsetk
eys.sty"
Package: kvsetkeys 2019/12/15 v1.18 Key value parser (HO)
))
("C:/Users/rtbrt/AppData/Local/Programs/MiKTeX 2.9/tex/latex/etoolbox/etoolbox.
sty"
Package: etoolbox 2019/09/21 v2.5h e-TeX tools for LaTeX (JAW)
\etb@tempcnta=\count196
))
("C:/Users/rtbrt/AppData/Local/Programs/MiKTeX 2.9/tex/latex/xcolor/xcolor.sty"
Package: xcolor 2016/05/11 v2.12 LaTeX color extensions (UK)

("C:/Users/rtbrt/AppData/Local/Programs/MiKTeX 2.9/tex/latex/graphics-cfg/color
.cfg"
File: color.cfg 2016/01/02 v1.6 sample color configuration
)
Package xcolor Info: Package option `usenames' ignored on input line 216.
Package xcolor Info: Driver file: luatex.def on input line 225.

("C:/Users/rtbrt/AppData/Local/Programs/MiKTeX 2.9/tex/latex/graphics-def/luate
x.def"
File: luatex.def 2018/01/08 v1.0l Graphics/color driver for luatex
)
Package xcolor Info: Model `cmy' substituted by `cmy0' on input line 1348.
Package xcolor Info: Model `hsb' substituted by `rgb' on input line 1352.
Package xcolor Info: Model `RGB' extended on input line 1364.
Package xcolor Info: Model `HTML' substituted by `rgb' on input line 1366.
Package xcolor Info: Model `Hsb' substituted by `hsb' on input line 1367.
Package xcolor Info: Model `tHsb' substituted by `hsb' on input line 1368.
Package xcolor Info: Model `HSB' substituted by `hsb' on input line 1369.
Package xcolor Info: Model `Gray' substituted by `gray' on input line 1370.
Package xcolor Info: Model `wave' substituted by `hsb' on input line 1371.

("C:/Users/rtbrt/AppData/Local/Programs/MiKTeX 2.9/tex/latex/graphics/dvipsnam.
def"
File: dvipsnam.def 2016/06/17 v3.0m Driver-dependent file (DPC,SPQR)
))
("C:/Users/rtbrt/AppData/Local/Programs/MiKTeX 2.9/tex/latex/preprint/fullpage.
sty"
Package: fullpage 1999/02/23 1.1 (PWD)
\FP@margin=\skip49
)
("C:/Users/rtbrt/AppData/Local/Programs/MiKTeX 2.9/tex/latex/geometry/geometry.
sty"
Package: geometry 2020/01/02 v5.9 Page Geometry

("C:/Users/rtbrt/AppData/Local/Programs/MiKTeX 2.9/tex/generic/iftex/ifvtex.sty
"
Package: ifvtex 2019/10/25 v1.7 ifvtex legacy package. Use iftex instead.
)
\Gm@cnth=\count197
\Gm@cntv=\count198
\c@Gm@tempcnt=\count199
\Gm@bindingoffset=\dimen147
\Gm@wd@mp=\dimen148
\Gm@odd@mp=\dimen149
\Gm@even@mp=\dimen150
\Gm@layoutwidth=\dimen151
\Gm@layoutheight=\dimen152
\Gm@layouthoffset=\dimen153
\Gm@layoutvoffset=\dimen154
\Gm@dimlist=\toks19

("C:/Users/rtbrt/AppData/Local/Programs/MiKTeX 2.9/tex/latex/geometry/geometry.
cfg"))
("C:/Users/rtbrt/AppData/Local/Programs/MiKTeX 2.9/tex/latex/fontawesome/fontaw
esome.sty"
Package: fontawesome 2016/05/15 v4.6.3.1 font awesome icons

("C:/Users/rtbrt/AppData/Local/Programs/MiKTeX 2.9/tex/latex/fontawesome/fontaw
esomesymbols-generic.tex")
luaotfload | cache : Lookup cache loaded from C:/Users/rtbrt/AppData/Local/MiKTe
X/2.9/luatex-cache/generic-dev/names/luaotfload-lookup-cache.luc.
luaotfload | aux : font no 28 (nil) defines no feature for script latn
luaotfload | aux : font no 28 (nil) defines no feature for script dflt

Package fontspec Info: Font family 'FontAwesome(0)' created for font
(fontspec)             'FontAwesome' with options [].
(fontspec)              
(fontspec)              This font family consists of the following NFSS
(fontspec)             series/shapes:
(fontspec)              
(fontspec)             - 'normal' (m/n) with NFSS spec.:
(fontspec)             <->"FontAwesome:mode=node;language=dflt;"
(fontspec)             - 'small caps'  (m/sc) with NFSS spec.: 
(fontspec)             - 'bold' (b/n) with NFSS spec.:
(fontspec)             <->"FontAwesome/B:mode=node;language=dflt;"
(fontspec)             - 'bold small caps'  (b/sc) with NFSS spec.: 
(fontspec)             - 'italic' (m/it) with NFSS spec.:
(fontspec)             <->"FontAwesome/I:mode=node;language=dflt;"
(fontspec)             - 'italic small caps'  (m/scit) with NFSS spec.: 
(fontspec)             - 'bold italic' (b/it) with NFSS spec.:
(fontspec)             <->"FontAwesome/BI:mode=node;language=dflt;"
(fontspec)             - 'bold italic small caps'  (b/scit) with NFSS spec.: 


("C:/Users/rtbrt/AppData/Local/Programs/MiKTeX 2.9/tex/latex/fontawesome/fontaw
esomesymbols-xeluatex.tex"))
("C:/Users/rtbrt/AppData/Local/Programs/MiKTeX 2.9/tex/latex/hyperref/hyperref.
sty"
Package: hyperref 2020-05-15 v7.00e Hypertext links for LaTeX

("C:/Users/rtbrt/AppData/Local/Programs/MiKTeX 2.9/tex/latex/pdftexcmds/pdftexc
mds.sty"
Package: pdftexcmds 2020-06-04 v0.32 Utility functions of pdfTeX for LuaTeX (HO)


("C:/Users/rtbrt/AppData/Local/Programs/MiKTeX 2.9/tex/generic/infwarerr/infwar
err.sty"
Package: infwarerr 2019/12/03 v1.5 Providing info/warning/error messages (HO)
)
Package pdftexcmds Info: \pdf@primitive is available.
Package pdftexcmds Info: \pdf@ifprimitive is available.
Package pdftexcmds Info: \pdfdraftmode found.
\pdftexcmds@toks=\toks20
)
("C:/Users/rtbrt/AppData/Local/Programs/MiKTeX 2.9/tex/generic/kvdefinekeys/kvd
efinekeys.sty"
Package: kvdefinekeys 2019-12-19 v1.6 Define keys (HO)
)
("C:/Users/rtbrt/AppData/Local/Programs/MiKTeX 2.9/tex/generic/pdfescape/pdfesc
ape.sty"
Package: pdfescape 2019/12/09 v1.15 Implements pdfTeX's escape features (HO)
)
("C:/Users/rtbrt/AppData/Local/Programs/MiKTeX 2.9/tex/latex/hycolor/hycolor.st
y"
Package: hycolor 2020-01-27 v1.10 Color options for hyperref/bookmark (HO)
)
("C:/Users/rtbrt/AppData/Local/Programs/MiKTeX 2.9/tex/latex/letltxmacro/letltx
macro.sty"
Package: letltxmacro 2019/12/03 v1.6 Let assignment for LaTeX macros (HO)
)
("C:/Users/rtbrt/AppData/Local/Programs/MiKTeX 2.9/tex/latex/auxhook/auxhook.st
y"
Package: auxhook 2019-12-17 v1.6 Hooks for auxiliary files (HO)
)
\@linkdim=\dimen155
\Hy@linkcounter=\count266
\Hy@pagecounter=\count267

("C:/Users/rtbrt/AppData/Local/Programs/MiKTeX 2.9/tex/latex/hyperref/pd1enc.de
f"
File: pd1enc.def 2020-05-15 v7.00e Hyperref: PDFDocEncoding definition (HO)
NowhandlingfontencodingPD1...
...noUTF-8mappingfileforfontencodingPD1
)
("C:/Users/rtbrt/AppData/Local/Programs/MiKTeX 2.9/tex/generic/intcalc/intcalc.
sty"
Package: intcalc 2019/12/15 v1.3 Expandable calculations with integers (HO)
)
("C:/Users/rtbrt/AppData/Local/Programs/MiKTeX 2.9/tex/generic/etexcmds/etexcmd
s.sty"
Package: etexcmds 2019/12/15 v1.7 Avoid name clashes with e-TeX commands (HO)
)
\Hy@SavedSpaceFactor=\count268
Package hyperref Info: Hyper figures OFF on input line 4464.
Package hyperref Info: Link nesting OFF on input line 4469.
Package hyperref Info: Hyper index ON on input line 4472.
Package hyperref Info: Plain pages OFF on input line 4479.
Package hyperref Info: Backreferencing OFF on input line 4484.
Package hyperref Info: Implicit mode ON; LaTeX internals redefined.
Package hyperref Info: Bookmarks ON on input line 4717.
\c@Hy@tempcnt=\count269
LaTeX Info: Redefining \url on input line 5076.
\XeTeXLinkMargin=\dimen156

("C:/Users/rtbrt/AppData/Local/Programs/MiKTeX 2.9/tex/generic/bitset/bitset.st
y"
Package: bitset 2019/12/09 v1.3 Handle bit-vector datatype (HO)

("C:/Users/rtbrt/AppData/Local/Programs/MiKTeX 2.9/tex/generic/bigintcalc/bigin
tcalc.sty"
Package: bigintcalc 2019/12/15 v1.5 Expandable calculations on big integers (HO)

))
\Fld@menulength=\count270
\Field@Width=\dimen157
\Fld@charsize=\dimen158
Package hyperref Info: Hyper figures OFF on input line 6347.
Package hyperref Info: Link nesting OFF on input line 6352.
Package hyperref Info: Hyper index ON on input line 6355.
Package hyperref Info: backreferencing OFF on input line 6362.
Package hyperref Info: Link coloring OFF on input line 6367.
Package hyperref Info: Link coloring with OCG OFF on input line 6372.
Package hyperref Info: PDF/A mode OFF on input line 6377.
LaTeX Info: Redefining \ref on input line 6417.
LaTeX Info: Redefining \pageref on input line 6421.

("C:/Users/rtbrt/AppData/Local/Programs/MiKTeX 2.9/tex/generic/atbegshi/atbegsh
i.sty"
Package: atbegshi 2019/12/05 v1.19 At begin shipout hook (HO)
)
\Hy@abspage=\count271
\c@Item=\count272
\c@Hfootnote=\count273
)
Package hyperref Info: Driver (autodetected): hluatex.

("C:/Users/rtbrt/AppData/Local/Programs/MiKTeX 2.9/tex/latex/hyperref/hluatex.d
ef"
File: hluatex.def 2020-05-15 v7.00e Hyperref driver for luaTeX

("C:/Users/rtbrt/AppData/Local/Programs/MiKTeX 2.9/tex/latex/hyperref/puenc.def
"
File: puenc.def 2020-05-15 v7.00e Hyperref: PDF Unicode definition (HO)
NowhandlingfontencodingPU...
...noUTF-8mappingfileforfontencodingPU
)
("C:/Users/rtbrt/AppData/Local/Programs/MiKTeX 2.9/tex/generic/stringenc/string
enc.sty"
Package: stringenc 2019/11/29 v1.12 Convert strings between diff. encodings (HO)

)
("C:/Users/rtbrt/AppData/Local/Programs/MiKTeX 2.9/tex/latex/atveryend/atveryen
d.sty"
Package: atveryend 2019-12-11 v1.11 Hooks at the very end of document (HO)
)
\Fld@listcount=\count274
\c@bookmark@seq@number=\count275

("C:/Users/rtbrt/AppData/Local/Programs/MiKTeX 2.9/tex/latex/rerunfilecheck/rer
unfilecheck.sty"
Package: rerunfilecheck 2019/12/05 v1.9 Rerun checks for auxiliary files (HO)

("C:/Users/rtbrt/AppData/Local/Programs/MiKTeX 2.9/tex/generic/uniquecounter/un
iquecounter.sty"
Package: uniquecounter 2019/12/15 v1.4 Provide unlimited unique counter (HO)
)
Package uniquecounter Info: New unique counter `rerunfilecheck' on input line 28
6.
)
\Hy@SectionHShift=\skip50
)
("C:/Users/rtbrt/AppData/Local/Programs/MiKTeX 2.9/tex/latex/titlesec/titlesec.
sty"
Package: titlesec 2019/10/16 v2.13 Sectioning titles
\ttl@box=\box46
\beforetitleunit=\skip51
\aftertitleunit=\skip52
\ttl@plus=\dimen159
\ttl@minus=\dimen160
\ttl@toksa=\toks21
\titlewidth=\dimen161
\titlewidthlast=\dimen162
\titlewidthfirst=\dimen163
)
("C:/Users/rtbrt/AppData/Local/Programs/MiKTeX 2.9/tex/latex/tools/array.sty"
Package: array 2019/08/31 v2.4l Tabular extension package (FMi)
\col@sep=\dimen164
\ar@mcellbox=\box47
\extrarowheight=\dimen165
\NC@list=\toks22
\extratabsurround=\skip53
\backup@length=\skip54
\ar@cellbox=\box48
)
("C:/Users/rtbrt/AppData/Local/Programs/MiKTeX 2.9/tex/latex/enumitem/enumitem.
sty"
Package: enumitem 2019/06/20 v3.9 Customized lists
\labelindent=\skip55
\enit@outerparindent=\dimen166
\enit@toks=\toks23
\enit@inbox=\box49
\enit@count@id=\count276
\enitdp@description=\count277
)
("C:/Users/rtbrt/AppData/Local/Programs/MiKTeX 2.9/tex/latex/tools/longtable.st
y"
Package: longtable 2020/01/07 v4.13 Multi-page Table package (DPC)
\LTleft=\skip56
\LTright=\skip57
\LTpre=\skip58
\LTpost=\skip59
\LTchunksize=\count278
\LTcapwidth=\dimen167
\LT@head=\box50
\LT@firsthead=\box51
\LT@foot=\box52
\LT@lastfoot=\box53
\LT@cols=\count279
\LT@rows=\count280
\c@LT@tables=\count281
\c@LT@chunks=\count282
\LT@p@ftn=\toks24
)
("C:/Users/rtbrt/AppData/Local/Programs/MiKTeX 2.9/tex/latex/pgf/frontendlayer/
tikz.sty"
("C:/Users/rtbrt/AppData/Local/Programs/MiKTeX 2.9/tex/latex/pgf/basiclayer/pgf
.sty"
("C:/Users/rtbrt/AppData/Local/Programs/MiKTeX 2.9/tex/latex/pgf/utilities/pgfr
cs.sty"
("C:/Users/rtbrt/AppData/Local/Programs/MiKTeX 2.9/tex/generic/pgf/utilities/pg
futil-common.tex"
\pgfutil@everybye=\toks25
\pgfutil@tempdima=\dimen168
\pgfutil@tempdimb=\dimen169

("C:/Users/rtbrt/AppData/Local/Programs/MiKTeX 2.9/tex/generic/pgf/utilities/pg
futil-common-lists.tex"))
("C:/Users/rtbrt/AppData/Local/Programs/MiKTeX 2.9/tex/generic/pgf/utilities/pg
futil-latex.def"
\pgfutil@abb=\box54

("C:/Users/rtbrt/AppData/Local/Programs/MiKTeX 2.9/tex/latex/ms/everyshi.sty"
Package: everyshi 2001/05/15 v3.00 EveryShipout Package (MS)
))
("C:/Users/rtbrt/AppData/Local/Programs/MiKTeX 2.9/tex/generic/pgf/utilities/pg
frcs.code.tex"
("C:/Users/rtbrt/AppData/Local/Programs/MiKTeX 2.9/tex/generic/pgf/pgf.revision
.tex")
Package: pgfrcs 2020/01/08 v3.1.5b (3.1.5b)
))
Package: pgf 2020/01/08 v3.1.5b (3.1.5b)

("C:/Users/rtbrt/AppData/Local/Programs/MiKTeX 2.9/tex/latex/pgf/basiclayer/pgf
core.sty"
("C:/Users/rtbrt/AppData/Local/Programs/MiKTeX 2.9/tex/latex/graphics/graphicx.
sty"
Package: graphicx 2019/11/30 v1.2a Enhanced LaTeX Graphics (DPC,SPQR)

("C:/Users/rtbrt/AppData/Local/Programs/MiKTeX 2.9/tex/latex/graphics/graphics.
sty"
Package: graphics 2019/11/30 v1.4a Standard LaTeX Graphics (DPC,SPQR)

("C:/Users/rtbrt/AppData/Local/Programs/MiKTeX 2.9/tex/latex/graphics/trig.sty"
Package: trig 2016/01/03 v1.10 sin cos tan (DPC)
)
("C:/Users/rtbrt/AppData/Local/Programs/MiKTeX 2.9/tex/latex/graphics-cfg/graph
ics.cfg"
File: graphics.cfg 2016/06/04 v1.11 sample graphics configuration
)
Package graphics Info: Driver file: luatex.def on input line 105.
)
\Gin@req@height=\dimen170
\Gin@req@width=\dimen171
)
("C:/Users/rtbrt/AppData/Local/Programs/MiKTeX 2.9/tex/latex/pgf/systemlayer/pg
fsys.sty"
("C:/Users/rtbrt/AppData/Local/Programs/MiKTeX 2.9/tex/generic/pgf/systemlayer/
pgfsys.code.tex"
Package: pgfsys 2020/01/08 v3.1.5b (3.1.5b)

("C:/Users/rtbrt/AppData/Local/Programs/MiKTeX 2.9/tex/generic/pgf/utilities/pg
fkeys.code.tex"
\pgfkeys@pathtoks=\toks26
\pgfkeys@temptoks=\toks27

("C:/Users/rtbrt/AppData/Local/Programs/MiKTeX 2.9/tex/generic/pgf/utilities/pg
fkeysfiltered.code.tex"
\pgfkeys@tmptoks=\toks28
))
\pgf@x=\dimen172
\pgf@y=\dimen173
\pgf@xa=\dimen174
\pgf@ya=\dimen175
\pgf@xb=\dimen176
\pgf@yb=\dimen177
\pgf@xc=\dimen178
\pgf@yc=\dimen179
\pgf@xd=\dimen180
\pgf@yd=\dimen181
\w@pgf@writea=\write3
\r@pgf@reada=\read3
\c@pgf@counta=\count283
\c@pgf@countb=\count284
\c@pgf@countc=\count285
\c@pgf@countd=\count286
\t@pgf@toka=\toks29
\t@pgf@tokb=\toks30
\t@pgf@tokc=\toks31
\pgf@sys@id@count=\count287

("C:/Users/rtbrt/AppData/Local/Programs/MiKTeX 2.9/tex/generic/pgf/systemlayer/
pgf.cfg"
File: pgf.cfg 2020/01/08 v3.1.5b (3.1.5b)
)
Driver file for pgf: pgfsys-luatex.def

("C:/Users/rtbrt/AppData/Local/Programs/MiKTeX 2.9/tex/generic/pgf/systemlayer/
pgfsys-luatex.def"
File: pgfsys-luatex.def 2020/01/08 v3.1.5b (3.1.5b)

("C:/Users/rtbrt/AppData/Local/Programs/MiKTeX 2.9/tex/generic/pgf/systemlayer/
pgfsys-common-pdf.def"
File: pgfsys-common-pdf.def 2020/01/08 v3.1.5b (3.1.5b)
)))
("C:/Users/rtbrt/AppData/Local/Programs/MiKTeX 2.9/tex/generic/pgf/systemlayer/
pgfsyssoftpath.code.tex"
File: pgfsyssoftpath.code.tex 2020/01/08 v3.1.5b (3.1.5b)
\pgfsyssoftpath@smallbuffer@items=\count288
\pgfsyssoftpath@bigbuffer@items=\count289
)
("C:/Users/rtbrt/AppData/Local/Programs/MiKTeX 2.9/tex/generic/pgf/systemlayer/
pgfsysprotocol.code.tex"
File: pgfsysprotocol.code.tex 2020/01/08 v3.1.5b (3.1.5b)
))
("C:/Users/rtbrt/AppData/Local/Programs/MiKTeX 2.9/tex/generic/pgf/basiclayer/p
gfcore.code.tex"
Package: pgfcore 2020/01/08 v3.1.5b (3.1.5b)

("C:/Users/rtbrt/AppData/Local/Programs/MiKTeX 2.9/tex/generic/pgf/math/pgfmath
.code.tex"
("C:/Users/rtbrt/AppData/Local/Programs/MiKTeX 2.9/tex/generic/pgf/math/pgfmath
calc.code.tex"
("C:/Users/rtbrt/AppData/Local/Programs/MiKTeX 2.9/tex/generic/pgf/math/pgfmath
util.code.tex")
("C:/Users/rtbrt/AppData/Local/Programs/MiKTeX 2.9/tex/generic/pgf/math/pgfmath
parser.code.tex"
\pgfmath@dimen=\dimen182
\pgfmath@count=\count290
\pgfmath@box=\box55
\pgfmath@toks=\toks32
\pgfmath@stack@operand=\toks33
\pgfmath@stack@operation=\toks34
)
("C:/Users/rtbrt/AppData/Local/Programs/MiKTeX 2.9/tex/generic/pgf/math/pgfmath
functions.code.tex"
("C:/Users/rtbrt/AppData/Local/Programs/MiKTeX 2.9/tex/generic/pgf/math/pgfmath
functions.basic.code.tex")
("C:/Users/rtbrt/AppData/Local/Programs/MiKTeX 2.9/tex/generic/pgf/math/pgfmath
functions.trigonometric.code.tex")
("C:/Users/rtbrt/AppData/Local/Programs/MiKTeX 2.9/tex/generic/pgf/math/pgfmath
functions.random.code.tex")
("C:/Users/rtbrt/AppData/Local/Programs/MiKTeX 2.9/tex/generic/pgf/math/pgfmath
functions.comparison.code.tex")
("C:/Users/rtbrt/AppData/Local/Programs/MiKTeX 2.9/tex/generic/pgf/math/pgfmath
functions.base.code.tex")
("C:/Users/rtbrt/AppData/Local/Programs/MiKTeX 2.9/tex/generic/pgf/math/pgfmath
functions.round.code.tex")
("C:/Users/rtbrt/AppData/Local/Programs/MiKTeX 2.9/tex/generic/pgf/math/pgfmath
functions.misc.code.tex")
("C:/Users/rtbrt/AppData/Local/Programs/MiKTeX 2.9/tex/generic/pgf/math/pgfmath
functions.integerarithmetics.code.tex")))
("C:/Users/rtbrt/AppData/Local/Programs/MiKTeX 2.9/tex/generic/pgf/math/pgfmath
float.code.tex"
\c@pgfmathroundto@lastzeros=\count291
))
("C:/Users/rtbrt/AppData/Local/Programs/MiKTeX 2.9/tex/generic/pgf/math/pgfint.
code.tex")
("C:/Users/rtbrt/AppData/Local/Programs/MiKTeX 2.9/tex/generic/pgf/basiclayer/p
gfcorepoints.code.tex"
File: pgfcorepoints.code.tex 2020/01/08 v3.1.5b (3.1.5b)
\pgf@picminx=\dimen183
\pgf@picmaxx=\dimen184
\pgf@picminy=\dimen185
\pgf@picmaxy=\dimen186
\pgf@pathminx=\dimen187
\pgf@pathmaxx=\dimen188
\pgf@pathminy=\dimen189
\pgf@pathmaxy=\dimen190
\pgf@xx=\dimen191
\pgf@xy=\dimen192
\pgf@yx=\dimen193
\pgf@yy=\dimen194
\pgf@zx=\dimen195
\pgf@zy=\dimen196
)
("C:/Users/rtbrt/AppData/Local/Programs/MiKTeX 2.9/tex/generic/pgf/basiclayer/p
gfcorepathconstruct.code.tex"
File: pgfcorepathconstruct.code.tex 2020/01/08 v3.1.5b (3.1.5b)
\pgf@path@lastx=\dimen197
\pgf@path@lasty=\dimen198
)
("C:/Users/rtbrt/AppData/Local/Programs/MiKTeX 2.9/tex/generic/pgf/basiclayer/p
gfcorepathusage.code.tex"
File: pgfcorepathusage.code.tex 2020/01/08 v3.1.5b (3.1.5b)
\pgf@shorten@end@additional=\dimen199
\pgf@shorten@start@additional=\dimen256
)
("C:/Users/rtbrt/AppData/Local/Programs/MiKTeX 2.9/tex/generic/pgf/basiclayer/p
gfcorescopes.code.tex"
File: pgfcorescopes.code.tex 2020/01/08 v3.1.5b (3.1.5b)
\pgfpic=\box56
\pgf@hbox=\box57
\pgf@layerbox@main=\box58
\pgf@picture@serial@count=\count292
)
("C:/Users/rtbrt/AppData/Local/Programs/MiKTeX 2.9/tex/generic/pgf/basiclayer/p
gfcoregraphicstate.code.tex"
File: pgfcoregraphicstate.code.tex 2020/01/08 v3.1.5b (3.1.5b)
\pgflinewidth=\dimen257
)
("C:/Users/rtbrt/AppData/Local/Programs/MiKTeX 2.9/tex/generic/pgf/basiclayer/p
gfcoretransformations.code.tex"
File: pgfcoretransformations.code.tex 2020/01/08 v3.1.5b (3.1.5b)
\pgf@pt@x=\dimen258
\pgf@pt@y=\dimen259
\pgf@pt@temp=\dimen260
)
("C:/Users/rtbrt/AppData/Local/Programs/MiKTeX 2.9/tex/generic/pgf/basiclayer/p
gfcorequick.code.tex"
File: pgfcorequick.code.tex 2020/01/08 v3.1.5b (3.1.5b)
)
("C:/Users/rtbrt/AppData/Local/Programs/MiKTeX 2.9/tex/generic/pgf/basiclayer/p
gfcoreobjects.code.tex"
File: pgfcoreobjects.code.tex 2020/01/08 v3.1.5b (3.1.5b)
)
("C:/Users/rtbrt/AppData/Local/Programs/MiKTeX 2.9/tex/generic/pgf/basiclayer/p
gfcorepathprocessing.code.tex"
File: pgfcorepathprocessing.code.tex 2020/01/08 v3.1.5b (3.1.5b)
)
("C:/Users/rtbrt/AppData/Local/Programs/MiKTeX 2.9/tex/generic/pgf/basiclayer/p
gfcorearrows.code.tex"
File: pgfcorearrows.code.tex 2020/01/08 v3.1.5b (3.1.5b)
\pgfarrowsep=\dimen261
)
("C:/Users/rtbrt/AppData/Local/Programs/MiKTeX 2.9/tex/generic/pgf/basiclayer/p
gfcoreshade.code.tex"
File: pgfcoreshade.code.tex 2020/01/08 v3.1.5b (3.1.5b)
\pgf@max=\dimen262
\pgf@sys@shading@range@num=\count293
\pgf@shadingcount=\count294
)
("C:/Users/rtbrt/AppData/Local/Programs/MiKTeX 2.9/tex/generic/pgf/basiclayer/p
gfcoreimage.code.tex"
File: pgfcoreimage.code.tex 2020/01/08 v3.1.5b (3.1.5b)

("C:/Users/rtbrt/AppData/Local/Programs/MiKTeX 2.9/tex/generic/pgf/basiclayer/p
gfcoreexternal.code.tex"
File: pgfcoreexternal.code.tex 2020/01/08 v3.1.5b (3.1.5b)
\pgfexternal@startupbox=\box59
))
("C:/Users/rtbrt/AppData/Local/Programs/MiKTeX 2.9/tex/generic/pgf/basiclayer/p
gfcorelayers.code.tex"
File: pgfcorelayers.code.tex 2020/01/08 v3.1.5b (3.1.5b)
)
("C:/Users/rtbrt/AppData/Local/Programs/MiKTeX 2.9/tex/generic/pgf/basiclayer/p
gfcoretransparency.code.tex"
File: pgfcoretransparency.code.tex 2020/01/08 v3.1.5b (3.1.5b)
)
("C:/Users/rtbrt/AppData/Local/Programs/MiKTeX 2.9/tex/generic/pgf/basiclayer/p
gfcorepatterns.code.tex"
File: pgfcorepatterns.code.tex 2020/01/08 v3.1.5b (3.1.5b)
)
("C:/Users/rtbrt/AppData/Local/Programs/MiKTeX 2.9/tex/generic/pgf/basiclayer/p
gfcorerdf.code.tex"
File: pgfcorerdf.code.tex 2020/01/08 v3.1.5b (3.1.5b)
)))
("C:/Users/rtbrt/AppData/Local/Programs/MiKTeX 2.9/tex/generic/pgf/modules/pgfm
oduleshapes.code.tex"
File: pgfmoduleshapes.code.tex 2020/01/08 v3.1.5b (3.1.5b)
\pgfnodeparttextbox=\box60
)
("C:/Users/rtbrt/AppData/Local/Programs/MiKTeX 2.9/tex/generic/pgf/modules/pgfm
oduleplot.code.tex"
File: pgfmoduleplot.code.tex 2020/01/08 v3.1.5b (3.1.5b)
)
("C:/Users/rtbrt/AppData/Local/Programs/MiKTeX 2.9/tex/latex/pgf/compatibility/
pgfcomp-version-0-65.sty"
Package: pgfcomp-version-0-65 2020/01/08 v3.1.5b (3.1.5b)
\pgf@nodesepstart=\dimen263
\pgf@nodesepend=\dimen264
)
("C:/Users/rtbrt/AppData/Local/Programs/MiKTeX 2.9/tex/latex/pgf/compatibility/
pgfcomp-version-1-18.sty"
Package: pgfcomp-version-1-18 2020/01/08 v3.1.5b (3.1.5b)
))
("C:/Users/rtbrt/AppData/Local/Programs/MiKTeX 2.9/tex/latex/pgf/utilities/pgff
or.sty"
("C:/Users/rtbrt/AppData/Local/Programs/MiKTeX 2.9/tex/latex/pgf/utilities/pgfk
eys.sty"
("C:/Users/rtbrt/AppData/Local/Programs/MiKTeX 2.9/tex/generic/pgf/utilities/pg
fkeys.code.tex"))
("C:/Users/rtbrt/AppData/Local/Programs/MiKTeX 2.9/tex/latex/pgf/math/pgfmath.s
ty"
("C:/Users/rtbrt/AppData/Local/Programs/MiKTeX 2.9/tex/generic/pgf/math/pgfmath
.code.tex"))
("C:/Users/rtbrt/AppData/Local/Programs/MiKTeX 2.9/tex/generic/pgf/utilities/pg
ffor.code.tex"
Package: pgffor 2020/01/08 v3.1.5b (3.1.5b)

("C:/Users/rtbrt/AppData/Local/Programs/MiKTeX 2.9/tex/generic/pgf/math/pgfmath
.code.tex")
\pgffor@iter=\dimen265
\pgffor@skip=\dimen266
\pgffor@stack=\toks35
\pgffor@toks=\toks36
))
("C:/Users/rtbrt/AppData/Local/Programs/MiKTeX 2.9/tex/generic/pgf/frontendlaye
r/tikz/tikz.code.tex"
Package: tikz 2020/01/08 v3.1.5b (3.1.5b)

("C:/Users/rtbrt/AppData/Local/Programs/MiKTeX 2.9/tex/generic/pgf/libraries/pg
flibraryplothandlers.code.tex"
File: pgflibraryplothandlers.code.tex 2020/01/08 v3.1.5b (3.1.5b)
\pgf@plot@mark@count=\count295
\pgfplotmarksize=\dimen267
)
\tikz@lastx=\dimen268
\tikz@lasty=\dimen269
\tikz@lastxsaved=\dimen270
\tikz@lastysaved=\dimen271
\tikz@lastmovetox=\dimen272
\tikz@lastmovetoy=\dimen273
\tikzleveldistance=\dimen274
\tikzsiblingdistance=\dimen275
\tikz@figbox=\box61
\tikz@figbox@bg=\box62
\tikz@tempbox=\box63
\tikz@tempbox@bg=\box64
\tikztreelevel=\count296
\tikznumberofchildren=\count297
\tikznumberofcurrentchild=\count298
\tikz@fig@count=\count299

("C:/Users/rtbrt/AppData/Local/Programs/MiKTeX 2.9/tex/generic/pgf/modules/pgfm
odulematrix.code.tex"
File: pgfmodulematrix.code.tex 2020/01/08 v3.1.5b (3.1.5b)
\pgfmatrixcurrentrow=\count300
\pgfmatrixcurrentcolumn=\count301
\pgf@matrix@numberofcolumns=\count302
)
\tikz@expandcount=\count303

("C:/Users/rtbrt/AppData/Local/Programs/MiKTeX 2.9/tex/generic/pgf/frontendlaye
r/tikz/libraries/tikzlibrarytopaths.code.tex"
File: tikzlibrarytopaths.code.tex 2020/01/08 v3.1.5b (3.1.5b)
)))
("C:/Users/rtbrt/AppData/Local/Programs/MiKTeX 2.9/tex/latex/tcolorbox/tcolorbo
x.sty"
Package: tcolorbox 2020/04/28 version 4.30 text color boxes

("C:/Users/rtbrt/AppData/Local/Programs/MiKTeX 2.9/tex/latex/tools/verbatim.sty
"
Package: verbatim 2019/11/10 v1.5r LaTeX2e package for verbatim enhancements
\every@verbatim=\toks37
\verbatim@line=\toks38
\verbatim@in@stream=\read4
)
("C:/Users/rtbrt/AppData/Local/Programs/MiKTeX 2.9/tex/latex/environ/environ.st
y"
Package: environ 2014/05/04 v0.3 A new way to define environments

("C:/Users/rtbrt/AppData/Local/Programs/MiKTeX 2.9/tex/latex/trimspaces/trimspa
ces.sty"
Package: trimspaces 2009/09/17 v1.1 Trim spaces around a token list
)
\@envbody=\toks39
)
\tcb@titlebox=\box65
\tcb@upperbox=\box66
\tcb@lowerbox=\box67
\tcb@phantombox=\box68
\c@tcbbreakpart=\count304
\c@tcblayer=\count305
\c@tcolorbox@number=\count306
\tcb@temp=\box69
\tcb@temp=\box70
\tcb@temp=\box71
\tcb@temp=\box72
\tcb@out=\write4
\tcb@record@out=\write5

("C:/Users/rtbrt/AppData/Local/Programs/MiKTeX 2.9/tex/latex/tcolorbox/tcbskins
.code.tex"
Library (tcolorbox): 'tcbskins.code.tex' version '4.30'
\tcb@waterbox=\box73

("C:/Users/rtbrt/AppData/Local/Programs/MiKTeX 2.9/tex/latex/tcolorbox/tcbskins
jigsaw.code.tex"
Library (tcolorbox): 'tcbskinsjigsaw.code.tex' version '4.30'
)))
("C:/Users/rtbrt/AppData/Local/Programs/MiKTeX 2.9/tex/latex/fancyhdr/fancyhdr.
sty"
Package: fancyhdr 2019/01/31 v3.10 Extensive control of page headers and footers

\f@nch@headwidth=\skip60
\f@nch@O@elh=\skip61
\f@nch@O@erh=\skip62
\f@nch@O@olh=\skip63
\f@nch@O@orh=\skip64
\f@nch@O@elf=\skip65
\f@nch@O@erf=\skip66
\f@nch@O@olf=\skip67
\f@nch@O@orf=\skip68
)
("C:/Users/rtbrt/AppData/Local/Programs/MiKTeX 2.9/tex/latex/academicons/academ
icons.sty"
Package: academicons 2020/08/14 v1.9.0 Academicons Icons
)
Package hyperref Info: Option `breaklinks' set `true' on input line 114.
luaotfload | db : Reload initiated (formats: otf,ttf,ttc); reason: "File not fou
nd: fonts/SourceSansPro-Light.".

Package fontspec Warning: Input mapping not supported in LuaTeX.
(fontspec)                 Use "Ligatures=TeX" instead of "Mapping=tex-text".

luaotfload | aux : font no 36 (nil) does not define feature smcp for script latn
 with language dflt

Package fontspec Info: Font family 'SourceSansPro-Light(0)' created for font
(fontspec)             'SourceSansPro-Light' with options
(fontspec)             [Mapping=tex-text,Ligatures=TeX,Path = fonts/,BoldFont
(fontspec)             = SourceSansPro-Regular,ItalicFont =
(fontspec)             SourceSansPro-LightIt].
(fontspec)              
(fontspec)              This font family consists of the following NFSS
(fontspec)             series/shapes:
(fontspec)              
(fontspec)             - 'normal' (m/n) with NFSS spec.:
(fontspec)             <->"[fonts/SourceSansPro-Light]:mode=node;script=latn;lan
guage=dflt;+tlig;"
(fontspec)             - 'small caps'  (m/sc) with NFSS spec.:
(fontspec)             <->"[fonts/SourceSansPro-Light]:mode=node;script=latn;lan
guage=dflt;+tlig;+smcp;"
(fontspec)             - 'bold' (b/n) with NFSS spec.:
(fontspec)             <->"[fonts/SourceSansPro-Regular]:mode=node;script=latn;l
anguage=dflt;+tlig;"
(fontspec)             - 'bold small caps'  (b/sc) with NFSS spec.:
(fontspec)             <->"[fonts/SourceSansPro-Regular]:mode=node;script=latn;l
anguage=dflt;+tlig;+smcp;"
(fontspec)             - 'italic' (m/it) with NFSS spec.:
(fontspec)             <->"[fonts/SourceSansPro-LightIt]:mode=node;script=latn;l
anguage=dflt;+tlig;"
(fontspec)             - 'italic small caps'  (m/scit) with NFSS spec.: 

\rightcolumnlength=\skip69
\leftcolumn=\skip70
) (./bose_cv_IIMB.aux)
\openout1 = bose_cv_IIMB.aux

LaTeX Font Info:    Checking defaults for OML/cmm/m/it on input line 24.
LaTeX Font Info:    ... okay on input line 24.
LaTeX Font Info:    Checking defaults for OMS/cmsy/m/n on input line 24.
LaTeX Font Info:    ... okay on input line 24.
LaTeX Font Info:    Checking defaults for OT1/cmr/m/n on input line 24.
LaTeX Font Info:    ... okay on input line 24.
LaTeX Font Info:    Checking defaults for T1/cmr/m/n on input line 24.
LaTeX Font Info:    ... okay on input line 24.
LaTeX Font Info:    Checking defaults for TS1/cmr/m/n on input line 24.
LaTeX Font Info:    Trying to load font information for TS1+cmr on input line 24
.

("C:/Users/rtbrt/AppData/Local/Programs/MiKTeX 2.9/tex/latex/base/ts1cmr.fd"
File: ts1cmr.fd 2019/12/16 v2.5j Standard LaTeX font definitions
)
LaTeX Font Info:    ... okay on input line 24.
LaTeX Font Info:    Checking defaults for TU/lmr/m/n on input line 24.
LaTeX Font Info:    ... okay on input line 24.
LaTeX Font Info:    Checking defaults for OMX/cmex/m/n on input line 24.
LaTeX Font Info:    ... okay on input line 24.
LaTeX Font Info:    Checking defaults for U/cmr/m/n on input line 24.
LaTeX Font Info:    ... okay on input line 24.
LaTeX Font Info:    Checking defaults for PD1/pdf/m/n on input line 24.
LaTeX Font Info:    ... okay on input line 24.
LaTeX Font Info:    Checking defaults for PU/pdf/m/n on input line 24.
LaTeX Font Info:    ... okay on input line 24.
LaTeX Info: Redefining \dots on input line 24.
Package french.ldf Info: Setting StandardItemizeEnv=true for
(french.ldf)             compatibility with enumitem package,
(french.ldf)             reported on input line 24.
Package french.ldf Info: Setting StandardEnumerateEnv=true for
(french.ldf)             compatibility with enumitem package,
(french.ldf)             reported on input line 24.
LaTeX Info: Redefining \up on input line 24.

Package fontspec Info: Adjusting the maths setup (use [no-math] to avoid
(fontspec)             this).

\symlegacymaths=\mathgroup4
LaTeX Font Info:    Overwriting symbol font `legacymaths' in version `bold'
(Font)                  OT1/cmr/m/n --> OT1/cmr/bx/n on input line 24.
LaTeX Font Info:    Redeclaring math accent \acute on input line 24.
LaTeX Font Info:    Redeclaring math accent \grave on input line 24.
LaTeX Font Info:    Redeclaring math accent \ddot on input line 24.
LaTeX Font Info:    Redeclaring math accent \tilde on input line 24.
LaTeX Font Info:    Redeclaring math accent \bar on input line 24.
LaTeX Font Info:    Redeclaring math accent \breve on input line 24.
LaTeX Font Info:    Redeclaring math accent \check on input line 24.
LaTeX Font Info:    Redeclaring math accent \hat on input line 24.
LaTeX Font Info:    Redeclaring math accent \dot on input line 24.
LaTeX Font Info:    Redeclaring math accent \mathring on input line 24.
LaTeX Font Info:    Redeclaring math symbol \colon on input line 24.
LaTeX Font Info:    Redeclaring math symbol \Gamma on input line 24.
LaTeX Font Info:    Redeclaring math symbol \Delta on input line 24.
LaTeX Font Info:    Redeclaring math symbol \Theta on input line 24.
LaTeX Font Info:    Redeclaring math symbol \Lambda on input line 24.
LaTeX Font Info:    Redeclaring math symbol \Xi on input line 24.
LaTeX Font Info:    Redeclaring math symbol \Pi on input line 24.
LaTeX Font Info:    Redeclaring math symbol \Sigma on input line 24.
LaTeX Font Info:    Redeclaring math symbol \Upsilon on input line 24.
LaTeX Font Info:    Redeclaring math symbol \Phi on input line 24.
LaTeX Font Info:    Redeclaring math symbol \Psi on input line 24.
LaTeX Font Info:    Redeclaring math symbol \Omega on input line 24.
LaTeX Font Info:    Redeclaring math symbol \mathdollar on input line 24.
LaTeX Font Info:    Redeclaring symbol font `operators' on input line 24.
LaTeX Font Info:    Encoding `OT1' has changed to `TU' for symbol font
(Font)              `operators' in the math version `normal' on input line 24.
LaTeX Font Info:    Overwriting symbol font `operators' in version `normal'
(Font)                  OT1/cmr/m/n --> TU/SourceSansPro-Light(0)/m/n on input l
ine 24.
LaTeX Font Info:    Encoding `OT1' has changed to `TU' for symbol font
(Font)              `operators' in the math version `bold' on input line 24.
LaTeX Font Info:    Overwriting symbol font `operators' in version `bold'
(Font)                  OT1/cmr/bx/n --> TU/SourceSansPro-Light(0)/m/n on input 
line 24.
LaTeX Font Info:    Overwriting symbol font `operators' in version `normal'
(Font)                  TU/SourceSansPro-Light(0)/m/n --> TU/SourceSansPro-Light
(0)/m/n on input line 24.
LaTeX Font Info:    Overwriting math alphabet `\mathit' in version `normal'
(Font)                  OT1/cmr/m/it --> TU/SourceSansPro-Light(0)/m/it on input
 line 24.
LaTeX Font Info:    Overwriting math alphabet `\mathbf' in version `normal'
(Font)                  OT1/cmr/bx/n --> TU/SourceSansPro-Light(0)/b/n on input 
line 24.
LaTeX Font Info:    Overwriting math alphabet `\mathsf' in version `normal'
(Font)                  OT1/cmss/m/n --> TU/lmss/m/n on input line 24.
LaTeX Font Info:    Overwriting math alphabet `\mathtt' in version `normal'
(Font)                  OT1/cmtt/m/n --> TU/lmtt/m/n on input line 24.
LaTeX Font Info:    Overwriting symbol font `operators' in version `bold'
(Font)                  TU/SourceSansPro-Light(0)/m/n --> TU/SourceSansPro-Light
(0)/b/n on input line 24.
LaTeX Font Info:    Overwriting math alphabet `\mathit' in version `bold'
(Font)                  OT1/cmr/bx/it --> TU/SourceSansPro-Light(0)/b/it on inpu
t line 24.
LaTeX Font Info:    Overwriting math alphabet `\mathsf' in version `bold'
(Font)                  OT1/cmss/bx/n --> TU/lmss/b/n on input line 24.
LaTeX Font Info:    Overwriting math alphabet `\mathtt' in version `bold'
(Font)                  OT1/cmtt/m/n --> TU/lmtt/b/n on input line 24.

("C:/Users/rtbrt/AppData/Local/Programs/MiKTeX 2.9/tex/context/base/mkii/supp-p
df.mkii"
[Loading MPS to PDF converter (version 2006.09.02).]
\scratchcounter=\count307
\scratchdimen=\dimen276
\scratchbox=\box74
\nofMPsegments=\count308
\nofMParguments=\count309
\everyMPshowfont=\toks40
\MPscratchCnt=\count310
\MPscratchDim=\dimen277
\MPnumerator=\count311
\makeMPintoPDFobject=\count312
\everyMPtoPDFconversion=\toks41
)
("C:/Users/rtbrt/AppData/Local/Programs/MiKTeX 2.9/tex/latex/epstopdf-pkg/epsto
pdf-base.sty"
Package: epstopdf-base 2020-01-24 v2.11 Base part for package epstopdf
Package epstopdf-base Info: Redefining graphics rule for `.eps' on input line 48
5.
)
*geometry* driver: auto-detecting
*geometry* detected driver: luatex
*geometry* verbose mode - [ preamble ] result:
* driver: luatex
* paper: <default>
* layout: <same size as paper>
* layoutoffset:(h,v)=(0.0pt,0.0pt)
* modes: 
* h-part:(L,W,R)=(42.67912pt, 528.93675pt, 42.67912pt)
* v-part:(T,H,B)=(42.67912pt, 709.61174pt, 42.67912pt)
* \paperwidth=614.295pt
* \paperheight=794.96999pt
* \textwidth=528.93675pt
* \textheight=709.61174pt
* \oddsidemargin=-29.59087pt
* \evensidemargin=-29.59087pt
* \topmargin=-29.59087pt
* \headheight=0.0pt
* \headsep=0.0pt
* \topskip=10.0pt
* \footskip=30.0pt
* \marginparwidth=65.0pt
* \marginparsep=11.0pt
* \columnsep=10.0pt
* \skip\footins=9.0pt plus 4.0pt minus 2.0pt
* \hoffset=0.0pt
* \voffset=0.0pt
* \mag=1000
* \@twocolumnfalse
* \@twosidefalse
* \@mparswitchfalse
* \@reversemarginfalse
* (1in=72.27pt=25.4mm, 1cm=28.453pt)

\AtBeginShipoutBox=\box75
Package hyperref Info: Link coloring OFF on input line 24.

("C:/Users/rtbrt/AppData/Local/Programs/MiKTeX 2.9/tex/latex/hyperref/nameref.s
ty"
Package: nameref 2019/09/16 v2.46 Cross-referencing by name of section

("C:/Users/rtbrt/AppData/Local/Programs/MiKTeX 2.9/tex/latex/refcount/refcount.
sty"
Package: refcount 2019/12/15 v3.6 Data extraction from label references (HO)
)
("C:/Users/rtbrt/AppData/Local/Programs/MiKTeX 2.9/tex/generic/gettitlestring/g
ettitlestring.sty"
Package: gettitlestring 2019/12/15 v1.6 Cleanup title references (HO)
)
\c@section@level=\count313
)
LaTeX Info: Redefining \ref on input line 24.
LaTeX Info: Redefining \pageref on input line 24.
LaTeX Info: Redefining \nameref on input line 24.
 (./bose_cv_IIMB.out) (./bose_cv_IIMB.out)
\@outlinefile=\write6

\openout6 = bose_cv_IIMB.out

ABD: EveryShipout initializing macros
LaTeX Font Info:    Trying to load font information for TU+academicons on input 
line 26.

("C:/Users/rtbrt/AppData/Local/Programs/MiKTeX 2.9/tex/latex/academicons/tuacad
emicons.fd")
LaTeX Font Info:    External font `cmex10' loaded for size
(Font)              <7> on input line 26.
LaTeX Font Info:    External font `cmex10' loaded for size
(Font)              <5> on input line 26.
 (./section_headline.tex) (./section_education.tex
Overfull \hbox (1.92236pt too wide) in alignment at lines 14--34
 [][] 
 []

) (./section_experience.tex
Overfull \hbox (1.92236pt too wide) in alignment at lines 15--64
 [][] 
 []


Overfull \hbox (1.92236pt too wide) in alignment at lines 64--72
 [][] 
 []

) [1

{C:/Users/rtbrt/AppData/Local/MiKTeX/2.9/pdftex/config/pdftex.map}]
(./section_projects.tex
Underfull \hbox (badness 10000) in paragraph at lines 20--20

 []


Underfull \hbox (badness 10000) in paragraph at lines 26--26

 []


Underfull \hbox (badness 10000) in paragraph at lines 32--32

 []

) (./section_publications_etc.tex
Underfull \hbox (badness 10000) in paragraph at lines 21--21

 []

) (./section_work_progress.tex) (./section_conferences.tex

LaTeX Font Warning: Font shape `TU/SourceSansPro-Light(0)/m/scit' undefined
(Font)              using `TU/SourceSansPro-Light(0)/m/it' instead on input line
 38.

[2

]) (./section_certifications.tex) (./section_skills.tex)
(./section_references.tex
Overfull \hbox (354.42084pt too wide) in paragraph at lines 23--23
[][] 
 []


Overfull \hbox (320.08084pt too wide) in paragraph at lines 30--30
[][] 
 []


Overfull \hbox (321.45084pt too wide) in paragraph at lines 41--41
[][] 
 []


Overfull \hbox (320.30086pt too wide) in paragraph at lines 52--52
[][] 
 []

) [3]
Package atveryend Info: Empty hook `BeforeClearDocument' on input line 53.
Package atveryend Info: Empty hook `AfterLastShipout' on input line 53.
 (./bose_cv_IIMB.aux)
Package atveryend Info: Executing hook `AtVeryEndDocument' on input line 53.
Package atveryend Info: Executing hook `AtEndAfterFileList' on input line 53.
Package rerunfilecheck Info: File `bose_cv_IIMB.out' has not changed.
(rerunfilecheck)             Checksum: BBA5DB4D48FE18284EEDB4FB06C4FA67;1226.
)

Here is how much of LuaTeX's memory you used:
 30301 strings out of 480878
 125007,1144653 words of node,token memory allocated
 1258 words of node memory still in use:
   4 hlist, 1 vlist, 1 rule, 35 glue, 3 kern, 1 penalty, 2 glyph, 222 attribute,
 69 glue_spec, 33 attribute_list, 2 write nodes
   avail lists: 1:3,2:16187,3:2012,4:82,5:1021,6:112,7:7307,8:13,9:1346,10:37,11
:694
 46880 multiletter control sequences out of 65536+200000
 65 fonts using 10758587 bytes
 68i,12n,94p,1250b,967s stack positions out of 5000i,500n,10000p,200000b,50000s
<./fonts/SourceSansPro-LightIt.otf><//?/c:/users/rtbrt/appdata/local/programs/mi
ktex 2.9/fonts/truetype/public/academicons/academicons.ttf><C:/Users/rtbrt/AppDa
ta/Local/Programs/MiKTeX 2.9/fonts/opentype/public/fontawesome/fontawesome.otf><
./fonts/SourceSansPro-Regular.otf><./fonts/SourceSansPro-Light.otf>
Output written on bose_cv_IIMB.pdf (3 pages, 62419 bytes).

PDF statistics: 118 PDF objects out of 1000 (max. 8388607)
 20 named destinations out of 1000 (max. 131072)
 96 words of extra memory for PDF output out of 10000 (max. 100000000)

