This is LuaHBTeX, Version 1.12.0 (MiKTeX 20.6) (format=lualatex 2020.6.29)  17 DEC 2020 20:11
 restricted system commands enabled.
**"C:/Users/rtbrt/OneDrive/application/07 Rotman Toronto/cv/section_projects.te
x"
("C:/Users/rtbrt/OneDrive/application/07 Rotman Toronto/cv/section_projects.tex
"
LaTeX2e <2020-02-02> patch level 5
Lua module: luaotfload-main 2020-05-06 3.14 luaotfload entry point
Lua module: luaotfload-init 2020-05-06 3.14 luaotfload submodule / initializatio
n
Lua module: lualibs 2020-05-01 2.71 ConTeXt Lua standard libraries.
Lua module: lualibs-extended 2020-05-01 2.71 ConTeXt Lua libraries -- extended c
ollection.
Lua module: luaotfload-log 2020-05-06 3.14 luaotfload submodule / logging
Lua module: luaotfload-parsers 2020-05-06 3.14 luaotfload submodule / filelist
Lua module: luaotfload-configuration 2020-05-06 3.14 luaotfload submodule / conf
ig file reader
luaotfload | conf : Root cache directory is "C:/Users/rtbrt/AppData/Local/MiKTeX
/2.9/luatex-cache/generic-dev/names".
luaotfload | init : Loading fontloader "fontloader-2020-05-06.lua" from kpse-res
olved path "C:/Users/rtbrt/AppData/Local/Programs/MiKTeX 2.9/tex/luatex/luaotflo
ad/fontloader-2020-05-06.lua".
Lua-only attribute luaotfload@noligature = 1
Lua-only attribute luaotfload@syllabe = 2
luaotfload | init : Context OpenType loader version 0x1.8e353f7ced917p+1
Lua module: luaotfload-fallback 2020-05-06 3.14 luaotfload submodule / fallback
Lua module: luaotfload-multiscript 2020-05-06 3.14 luaotfload submodule / multis
cript
Lua module: luaotfload-script 2020-05-06 3.14 luaotfload submodule / Script help
ers
Inserting `luaotfload.node_processor' at position 1 in `pre_linebreak_filter'.
Inserting `luaotfload.node_processor' at position 1 in `hpack_filter'.
Lua module: luaotfload-loaders 2020-05-06 3.14 luaotfload submodule / callback h
andling
Inserting `luaotfload.define_font' at position 1 in `define_font'.
Lua module: luaotfload-database 2020-05-06 3.14 luaotfload submodule / database
Lua module: luaotfload-unicode 2020-05-06 3.14 luaotfload submodule / Unicode he
lpers
Lua module: luaotfload-colors 2020-05-06 3.14 luaotfload submodule / color
Lua-only attribute luaotfload_color_attribute = 3
Lua module: luaotfload-resolvers 2020-05-06 3.14 luaotfload submodule / resolver
s
luaotfload | conf : Root cache directory is "C:/Users/rtbrt/AppData/Local/MiKTeX
/2.9/luatex-cache/generic-dev/names".
Lua module: luaotfload-features 2020-05-06 3.14 luaotfload submodule / features
Lua module: luaotfload-harf-define 2020-05-06 3.14 luaotfload submodule / databa
se
Inserting `luaotfload.harf.strip_prefix' at position 1 in `find_opentype_file'.
Inserting `luaotfload.harf.strip_prefix' at position 1 in `find_truetype_file'.
Lua module: luaotfload-harf-plug 2020-05-06 3.14 luaotfload submodule / database
Inserting `Harf pre_output_filter callback' at position 1 in `pre_output_filter'
.
Inserting `Harf wrapup_run callback' at position 1 in `wrapup_run'.
Inserting `Harf finish_pdffile callback' at position 1 in `finish_pdffile'.
Inserting `Harf glyph_info callback' at position 1 in `glyph_info'.
Lua module: luaotfload-letterspace 2020-05-06 3.14 luaotfload submodule / color
Lua module: luaotfload-embolden 2020-05-06 3.14 luaotfload submodule / color
Lua module: luaotfload-notdef 2020-05-06 3.14 luaotfload submodule / color
Lua module: luaotfload-suppress 2020-05-06 3.14 luaotfload submodule / suppress
Lua module: luaotfload-szss 2020-05-06 3.14 luaotfload submodule / color
Lua module: luaotfload-auxiliary 2020-05-06 3.14 luaotfload submodule / auxiliar
y functions
Inserting `luaotfload.aux.set_sscale_dimens' at position 1 in `luaotfload.patch_
font'.
Inserting `luaotfload.aux.set_font_index' at position 2 in `luaotfload.patch_fon
t'.
Inserting `luaotfload.aux.patch_cambria_domh' at position 3 in `luaotfload.patch
_font'.
Inserting `luaotfload.aux.fixup_fontdata' at position 1 in `luaotfload.patch_fon
t_unsafe'.
Inserting `luaotfload.aux.set_capheight' at position 4 in `luaotfload.patch_font
'.
Inserting `luaotfload.aux.set_xheight' at position 5 in `luaotfload.patch_font'.
Lua module: luaotfload-tounicode 2020-05-06 3.14 luaotfload submodule / tounicod
e
Inserting `luaotfload.rewrite_fontname' at position 6 in `luaotfload.patch_font'
. L3 programming layer <2020-06-18>
! Undefined control sequence.
l.13 \sectionTitle
                {Working Paper}{\faLaptop}
The control sequence at the end of the top line
of your error message was never \def'ed. If you have
misspelled it (e.g., `\hobx'), type `I' and the correct
spelling (e.g., `I\hbox'). Otherwise just continue,
and I'll forget about whatever was undefined.


! LaTeX Error: Missing \begin{document}.

See the LaTeX manual or LaTeX Companion for explanation.
Type  H <return>  for immediate help.
 ...                                              
                                                  
l.13 \sectionTitle{W
                  orking Paper}{\faLaptop}
You're in trouble here.  Try typing  <return>  to proceed.
If that doesn't work, type  X <return>  to quit.

! Undefined control sequence.
l.13 \sectionTitle{Working Paper}{\faLaptop
                                         }
The control sequence at the end of the top line
of your error message was never \def'ed. If you have
misspelled it (e.g., `\hobx'), type `I' and the correct
spelling (e.g., `I\hbox'). Otherwise just continue,
and I'll forget about whatever was undefined.


Overfull \hbox (20.0pt too wide) in paragraph at lines 13--14
[]Working
 []


! LaTeX Error: Environment projects undefined.

See the LaTeX manual or LaTeX Companion for explanation.
Type  H <return>  for immediate help.
 ...                                              
                                                  
l.15 \begin{projects}
                   
Your command was ignored.
Type  I <command> <return>  to replace it with another command,
or  <return>  to continue without it.

! Undefined control sequence.
l.16 	\project
            
The control sequence at the end of the top line
of your error message was never \def'ed. If you have
misspelled it (e.g., `\hobx'), type `I' and the correct
spelling (e.g., `I\hbox'). Otherwise just continue,
and I'll forget about whatever was undefined.


! LaTeX Error: Missing \begin{document}.

See the LaTeX manual or LaTeX Companion for explanation.
Type  H <return>  for immediate help.
 ...                                              
                                                  
l.17 	{E
      nforcement of Non-Tariff Measures: Does it matter?}{2020}
You're in trouble here.  Try typing  <return>  to proceed.
If that doesn't work, type  X <return>  to quit.

! Undefined control sequence.
l.18 	{\website
             {https://www.iimb.ac.in/node/7662}{IIMB Working Paper 611} (wit...
The control sequence at the end of the top line
of your error message was never \def'ed. If you have
misspelled it (e.g., `\hobx'), type `I' and the correct
spelling (e.g., `I\hbox'). Otherwise just continue,
and I'll forget about whatever was undefined.


Overfull \hbox (20.0pt too wide) in paragraph at lines 17--21
[]Enforcement
 []

! Undefined control sequence.
l.22 	\project
            
The control sequence at the end of the top line
of your error message was never \def'ed. If you have
misspelled it (e.g., `\hobx'), type `I' and the correct
spelling (e.g., `I\hbox'). Otherwise just continue,
and I'll forget about whatever was undefined.


! LaTeX Error: Missing \begin{document}.

See the LaTeX manual or LaTeX Companion for explanation.
Type  H <return>  for immediate help.
 ...                                              
                                                  
l.23 	{G
      lobalization and Workforce Composition in Indian Formal Manufacturing:...
You're in trouble here.  Try typing  <return>  to proceed.
If that doesn't work, type  X <return>  to quit.

! Undefined control sequence.
l.24 	{\website
             {https://www.researchgate.net/publication/346107946_Globalizati...
The control sequence at the end of the top line
of your error message was never \def'ed. If you have
misspelled it (e.g., `\hobx'), type `I' and the correct
spelling (e.g., `I\hbox'). Otherwise just continue,
and I'll forget about whatever was undefined.

! Missing $ inserted.
<inserted text> 
$
l.24 .../www.researchgate.net/publication/346107946_
                                                  Globalization_and_Workforc...
I've inserted a begin-math/end-math symbol since I think
you left one out. Proceed, with fingers crossed.

LaTeX Font Info:    External font `cmex10' loaded for size
(Font)              <7> on input line 24.
LaTeX Font Info:    External font `cmex10' loaded for size
(Font)              <5> on input line 24.
! Extra }, or forgotten $.
l.24 ...dence_on_product_market_competition_channel}
                                                  {IGIDR Working Paper 2020-...
I've deleted a group-closing symbol because it seems to be
spurious, as in `$x}$'. But perhaps the } is legitimate and
you forgot something else, as in `\hbox{$x}'. In such cases
the way to recover is to insert both the forgotten and the
deleted material, e.g., by typing `I$}'.

! Undefined control sequence.
l.24 ...20-036} (with K.V. Ramaswamy) \hfill {\color
                                                  {accentcolor}{(under revie...
The control sequence at the end of the top line
of your error message was never \def'ed. If you have
misspelled it (e.g., `\hobx'), type `I' and the correct
spelling (e.g., `I\hbox'). Otherwise just continue,
and I'll forget about whatever was undefined.

! Extra }, or forgotten $.
l.24 ...hfill {\color{accentcolor}{(under review)}}}
                                                  
I've deleted a group-closing symbol because it seems to be
spurious, as in `$x}$'. But perhaps the } is legitimate and
you forgot something else, as in `\hbox{$x}'. In such cases
the way to recover is to insert both the forgotten and the
deleted material, e.g., by typing `I$}'.

! Missing $ inserted.
<inserted text> 
$
l.27 
   
I've inserted a begin-math/end-math symbol since I think
you left one out. Proceed, with fingers crossed.


Overfull \hbox (20.0pt too wide) in paragraph at lines 23--27
[]Globalization
 []


Overfull \hbox (3143.3028pt too wide) in paragraph at lines 23--27
https://www.researchgate.net/publication/346107946$[][]\OML/cmm/m/it/10 lobaliza
tion[]nd[]orkforce[]omposition[]n[]ndian[]ormal[]anufacturing[]ew[]vidence[]n[]
roduct[]arket[]ompetition[]hannel[]\OT1/cmr/m/n/10 (\OML/cmm/m/it/10 withK:V:Ram
aswamy\OT1/cmr/m/n/10 ) [][][]$ 
 []

! Undefined control sequence.
l.28 	\project
            
The control sequence at the end of the top line
of your error message was never \def'ed. If you have
misspelled it (e.g., `\hobx'), type `I' and the correct
spelling (e.g., `I\hbox'). Otherwise just continue,
and I'll forget about whatever was undefined.


! LaTeX Error: Missing \begin{document}.

See the LaTeX manual or LaTeX Companion for explanation.
Type  H <return>  for immediate help.
 ...                                              
                                                  
l.29 	{D
      isaggregated Indian Industrial Cycles: A spectral analysis}{2020}
You're in trouble here.  Try typing  <return>  to proceed.
If that doesn't work, type  X <return>  to quit.

! Undefined control sequence.
l.30 	{\website
             {https://www.researchgate.net/publication/344764797_Disaggregat...
The control sequence at the end of the top line
of your error message was never \def'ed. If you have
misspelled it (e.g., `\hobx'), type `I' and the correct
spelling (e.g., `I\hbox'). Otherwise just continue,
and I'll forget about whatever was undefined.

! Missing $ inserted.
<inserted text> 
$
l.30 .../www.researchgate.net/publication/344764797_
                                                  Disaggregated_Indian_Indus...
I've inserted a begin-math/end-math symbol since I think
you left one out. Proceed, with fingers crossed.

! Double subscript.
l.30 ...97_Disaggregated_Indian_Industrial_Cycles_A_
                                                  spectral_analysis}{IGIDR W...
I treat `x_1_2' essentially like `x_1{}_2'.

! Extra }, or forgotten $.
l.30 ...ndian_Industrial_Cycles_A_spectral_analysis}
                                                  {IGIDR Working Paper 2020-...
I've deleted a group-closing symbol because it seems to be
spurious, as in `$x}$'. But perhaps the } is legitimate and
you forgot something else, as in `\hbox{$x}'. In such cases
the way to recover is to insert both the forgotten and the
deleted material, e.g., by typing `I$}'.

! Undefined control sequence.
l.30 ...2020-033} (with Ashima Goyal) \hfill {\color
                                                  {accentcolor}{(under revie...
The control sequence at the end of the top line
of your error message was never \def'ed. If you have
misspelled it (e.g., `\hobx'), type `I' and the correct
spelling (e.g., `I\hbox'). Otherwise just continue,
and I'll forget about whatever was undefined.

! Extra }, or forgotten $.
l.30 ...hfill {\color{accentcolor}{(under review)}}}
                                                  
I've deleted a group-closing symbol because it seems to be
spurious, as in `$x}$'. But perhaps the } is legitimate and
you forgot something else, as in `\hbox{$x}'. In such cases
the way to recover is to insert both the forgotten and the
deleted material, e.g., by typing `I$}'.

! Missing $ inserted.
<inserted text> 
$
l.33 
   
I've inserted a begin-math/end-math symbol since I think
you left one out. Proceed, with fingers crossed.


Overfull \hbox (20.0pt too wide) in paragraph at lines 29--33
[]Disaggregated
 []


Overfull \hbox (2605.99594pt too wide) in paragraph at lines 29--33
https://www.researchgate.net/publication/344764797$[][]\OML/cmm/m/it/10 isaggreg
ated[]ndian[]ndustrial[]ycles[][][]pectral[]nalysis[]\OT1/cmr/m/n/10 (\OML/cmm/
m/it/10 withAshimaGoyal\OT1/cmr/m/n/10 ) [][][]$ 
 []


! LaTeX Error: \begin{document} ended by \end{projects}.

See the LaTeX manual or LaTeX Companion for explanation.
Type  H <return>  for immediate help.
 ...                                              
                                                  
l.34 \end{projects}
                 
Your command was ignored.
Type  I <command> <return>  to replace it with another command,
or  <return>  to continue without it.

! Missing } inserted.
<inserted text> 
}
l.34 \end{projects}
                 
I've inserted something that you may have forgotten.
(See the <inserted text> above.)
With luck, this will get me unwedged. But if you
really didn't forget anything, try typing `2' now; then
my insertion and my current dilemma will both disappear.

! Missing } inserted.
<inserted text> 
}
l.34 \end{projects}
                 
I've inserted something that you may have forgotten.
(See the <inserted text> above.)
With luck, this will get me unwedged. But if you
really didn't forget anything, try typing `2' now; then
my insertion and my current dilemma will both disappear.

! Missing } inserted.
<inserted text> 
}
l.34 \end{projects}
                 
I've inserted something that you may have forgotten.
(See the <inserted text> above.)
With luck, this will get me unwedged. But if you
really didn't forget anything, try typing `2' now; then
my insertion and my current dilemma will both disappear.

! Missing } inserted.
<inserted text> 
}
l.34 \end{projects}
                 
I've inserted something that you may have forgotten.
(See the <inserted text> above.)
With luck, this will get me unwedged. But if you
really didn't forget anything, try typing `2' now; then
my insertion and my current dilemma will both disappear.

)
*
! Emergency stop.
<*> ...ion/07 Rotman Toronto/cv/section_projects.tex"
                                                  
End of file on the terminal!



Here is how much of LuaTeX's memory you used:
 23 strings out of 480878
 100000,319454 words of node,token memory allocated 16954 words of node memory still in use:
   52 hlist, 4 disc, 4 local_par, 1 dir, 4 math, 148 glue, 277 kern, 10 penalty,
 1935 glyph, 32 attribute, 39 glue_spec, 32 attribute_list nodes
   avail lists: 1:1,2:1,3:624,4:83,5:2,7:9,8:616,10:82
 17761 multiletter control sequences out of 65536+200000
 34 fonts using 3748643 bytes
 18i,3n,15p,456b,63s stack positions out of 5000i,500n,10000p,200000b,50000s
!  ==> Fatal error occurred, no output PDF file produced!
